2025-12-24 01:18:33,140 [INFO] Fetching Data: 2025-12-18 12:00:00+00:00 to 2025-12-18 16:00:00+00:00
2025-12-24 01:18:33,684 [INFO] Loaded 241 SPY bars and 241 QQQ bars.
2025-12-24 01:18:33,684 [INFO] Testing Strategy: ES_SHORT_2m_V8_HONEST (TF: 2m)
2025-12-24 01:19:02,856 [INFO] Fetching Data: 2025-12-18 12:00:00+00:00 to 2025-12-18 16:00:00+00:00
2025-12-24 01:19:03,294 [INFO] Loaded 241 SPY bars and 241 QQQ bars.
2025-12-24 01:19:03,295 [INFO] SPY Index Type: <class 'pandas.core.indexes.datetimes.DatetimeIndex'>
2025-12-24 01:19:03,295 [INFO] Sample SPY Index: 2025-12-18 12:00:00+00:00
2025-12-24 01:19:03,296 [INFO] Testing Strategy: ES_SHORT_2m_V8_HONEST (TF: 2m)
2025-12-24 01:19:03,309 [INFO] Running Simulation Loop...
2025-12-24 01:19:03,309 [INFO] Updating Honest Macro Trend...
2025-12-24 01:19:03,674 [INFO] Verification Complete. Signals Found: 0
2025-12-24 01:28:58,290 [INFO] Verification Complete. Signals: 1
2025-12-24 01:30:40,895 [INFO] Fetching Data: 2025-12-17 to 2025-12-24
2025-12-24 01:30:40,895 [INFO] Fetching Macro (1H)...
2025-12-24 01:30:41,265 [INFO] Fetching 1m Ticks...
2025-12-24 01:30:54,209 [INFO] ----------------------------------------
2025-12-24 01:30:54,209 [INFO] Total Trades: 2
2025-12-24 01:30:54,209 [INFO] Est PnL (Price): -1.02
2025-12-24 01:30:54,209 [INFO] Est PnL (1 ES Contract): $-510.00 (Approx)
2025-12-24 01:32:53,755 [INFO] Loading 90-Day Data from data/databento_trades/trades_es_nq_2025-09-21_2025-12-20.dbn...
2025-12-24 01:42:44,374 [INFO] Fetching Data: 2025-09-25 to 2025-12-24
2025-12-24 01:42:44,375 [INFO] Fetching Macro (1H)...
2025-12-24 01:42:45,682 [INFO] Fetching 1m Ticks (This may take a minute)...
2025-12-24 01:42:50,698 [INFO] Loaded 55297 SPY candles and 57819 QQQ candles.
2025-12-24 01:42:50,842 [INFO] Simulating Logic...
2025-12-24 02:20:01,657 [INFO] Fetching Data: 2025-09-25 to 2025-12-24
2025-12-24 02:20:01,657 [INFO] Fetching Macro (1H)...
2025-12-24 02:20:03,016 [INFO] Fetching 1m Ticks (This may take a minute)...
2025-12-24 02:20:07,671 [INFO] Loaded 55297 SPY candles and 57819 QQQ candles.
2025-12-24 02:20:07,824 [INFO] Simulating Logic...
2025-12-24 02:22:34,959 [INFO] Fetching Data: 2025-09-25 to 2025-12-24
2025-12-24 02:22:34,959 [INFO] Fetching Macro (1H)...
2025-12-24 02:22:36,956 [INFO] Fetching 1m Ticks (This may take a minute)...
2025-12-24 02:22:46,263 [INFO] Loaded 55297 SPY candles and 57819 QQQ candles.
2025-12-24 02:22:46,755 [INFO] Simulating Logic...
2025-12-24 02:25:02,387 [INFO] Fetching Data: 2025-09-25 to 2025-12-24
2025-12-24 02:25:02,387 [INFO] Fetching Macro (1H)...
2025-12-24 02:25:03,634 [INFO] Fetching 1m Ticks (This may take a minute)...
2025-12-24 02:25:09,070 [INFO] Loaded 55297 SPY candles and 57819 QQQ candles.
2025-12-24 02:25:09,464 [INFO] Simulating Logic...
2025-12-24 02:25:37,884 [INFO] Fetching Data: 2025-09-25 to 2025-12-24
2025-12-24 02:25:37,884 [INFO] Fetching Macro (1H)...
2025-12-24 02:25:39,904 [INFO] Fetching 1m Ticks (This may take a minute)...
2025-12-24 02:25:46,403 [INFO] Loaded 55297 SPY candles and 57819 QQQ candles.
2025-12-24 02:25:46,811 [INFO] Simulating Logic...
2025-12-24 03:48:21,738 [INFO] ----------------------------------------
2025-12-24 03:48:21,739 [INFO] Simulation Complete. Total Trades Triggered: 2
2025-12-24 03:51:10,205 [INFO] ----------------------------------------
2025-12-24 03:51:10,206 [INFO] Simulation Complete. Total Trades Triggered: 2
2025-12-24 03:53:17,929 [INFO] ----------------------------------------
2025-12-24 03:53:17,930 [INFO] Simulation Complete. Total Trades Triggered: 2
2025-12-24 03:55:07,836 [INFO] ----------------------------------------
2025-12-24 03:55:07,836 [INFO] Simulation Complete. Total Trades Triggered: 2
