2025-12-22 01:26:40,784 [INFO] Starting Alpaca Trader (Dry Run: True)
2025-12-22 01:26:40,785 [INFO] Subscribing to QQQ and SPY...
2025-12-22 01:26:40,785 [INFO] Waiting for market data...
2025-12-22 01:26:40,785 [INFO] started data stream
2025-12-22 01:26:40,785 [INFO] starting data websocket connection
2025-12-22 01:26:40,785 [INFO] connecting to wss://stream.data.alpaca.markets/v2/iex
2025-12-22 01:26:41,337 [INFO] connected to wss://stream.data.alpaca.markets/v2/iex
2025-12-22 01:26:41,567 [INFO] subscribed to bars: ['QQQ', 'SPY']
2025-12-22 01:27:09,674 [INFO] Updated [NQ: 101.00 (1)] [ES: 199.00 (-1)]
2025-12-22 01:27:09,729 [INFO] Updated [NQ: 101.00 (1)] [ES: 199.00 (-1)]
2025-12-22 01:27:09,731 [INFO] Updated [NQ: 98.00 (-1)] [ES: 199.00 (-1)]
2025-12-22 01:27:09,734 [INFO] Updated [NQ: 101.00 (1)] [ES: 199.00 (-1)]
2025-12-22 01:27:09,735 [INFO] Updated [NQ: 101.00 (1)] [ES: 199.00 (-1)]
2025-12-22 01:27:09,737 [INFO] Updated [NQ: 101.00 (1)] [ES: 199.00 (-1)]
2025-12-22 01:28:15,970 [INFO] Starting Alpaca Trader (Dry Run: False)
2025-12-22 01:28:15,970 [INFO] Subscribing to QQQ and SPY...
2025-12-22 01:28:15,970 [INFO] Waiting for market data...
2025-12-22 01:28:15,970 [INFO] started data stream
2025-12-22 01:28:15,970 [INFO] starting data websocket connection
2025-12-22 01:28:15,971 [INFO] connecting to wss://stream.data.alpaca.markets/v2/iex
2025-12-22 01:28:16,498 [INFO] connected to wss://stream.data.alpaca.markets/v2/iex
2025-12-22 01:28:16,735 [INFO] subscribed to bars: ['QQQ', 'SPY']
2025-12-22 01:34:04,619 [INFO] Starting Alpaca Trader (Dry Run: False)
2025-12-22 01:34:04,619 [INFO] Subscribing to QQQ and SPY...
2025-12-22 01:34:04,619 [INFO] Waiting for market data...
2025-12-22 01:34:04,619 [INFO] started data stream
2025-12-22 01:34:04,619 [INFO] starting data websocket connection
2025-12-22 01:34:04,619 [INFO] connecting to wss://stream.data.alpaca.markets/v2/iex
2025-12-22 01:34:05,155 [INFO] connected to wss://stream.data.alpaca.markets/v2/iex
2025-12-22 01:34:05,382 [INFO] subscribed to bars: ['QQQ', 'SPY']
